# JRE version: OpenJDK Runtime Environment (11.0.2+9) (build 11.0.2+9)
# Java VM: OpenJDK 64-Bit Server VM (11.0.2+9, mixed mode, tiered, compressed oops, g1 gc, windows-amd64)
Heap:
 garbage-first heap   total 173056K, used 124922K [0x0000000740000000, 0x0000000800000000)
  region size 1024K, 28 young (28672K), 1 survivors (1024K)
 Metaspace       used 93323K, capacity 95716K, committed 95880K, reserved 1132544K
  class space    used 12777K, capacity 13859K, committed 13952K, reserved 1048576K
GC Heap History (10 events):
Event: 114.065 GC heap before
{Heap before GC invocations=66 (full 7):
 garbage-first heap   total 173056K, used 98569K [0x0000000740000000, 0x0000000800000000)
  region size 1024K, 2 young (2048K), 0 survivors (0K)
 Metaspace       used 93066K, capacity 95520K, committed 95624K, reserved 1130496K
  class space    used 12772K, capacity 13858K, committed 13952K, reserved 1048576K
}
Event: 114.066 GC heap after
{Heap after GC invocations=67 (full 7):
 garbage-first heap   total 173056K, used 97755K [0x0000000740000000, 0x0000000800000000)
  region size 1024K, 1 young (1024K), 1 survivors (1024K)
 Metaspace       used 93066K, capacity 95520K, committed 95624K, reserved 1130496K
  class space    used 12772K, capacity 13858K, committed 13952K, reserved 1048576K
}
Event: 114.089 GC heap before
{Heap before GC invocations=67 (full 7):
 garbage-first heap   total 173056K, used 105947K [0x0000000740000000, 0x0000000800000000)
  region size 1024K, 5 young (5120K), 1 survivors (1024K)
 Metaspace       used 93066K, capacity 95520K, committed 95624K, reserved 1130496K
  class space    used 12772K, capacity 13858K, committed 13952K, reserved 1048576K
}
Event: 114.131 GC heap after
{Heap after GC invocations=68 (full 8):
 garbage-first heap   total 173056K, used 97512K [0x0000000740000000, 0x0000000800000000)
  region size 1024K, 0 young (0K), 0 survivors (0K)
 Metaspace       used 93066K, capacity 95520K, committed 95624K, reserved 1130496K
  class space    used 12772K, capacity 13858K, committed 13952K, reserved 1048576K
}
Event: 131.612 GC heap before
{Heap before GC invocations=68 (full 8):
 garbage-first heap   total 173056K, used 158952K [0x0000000740000000, 0x0000000800000000)
  region size 1024K, 60 young (61440K), 0 survivors (0K)
 Metaspace       used 93102K, capacity 95520K, committed 95624K, reserved 1130496K
  class space    used 12772K, capacity 13858K, committed 13952K, reserved 1048576K
}
Event: 131.614 GC heap after
{Heap after GC invocations=69 (full 8):
 garbage-first heap   total 173056K, used 98155K [0x0000000740000000, 0x0000000800000000)
  region size 1024K, 1 young (1024K), 1 survivors (1024K)
 Metaspace       used 93102K, capacity 95520K, committed 95624K, reserved 1130496K
  class space    used 12772K, capacity 13858K, committed 13952K, reserved 1048576K
}
Event: 141.466 GC heap before
{Heap before GC invocations=69 (full 8):
 garbage-first heap   total 173056K, used 158571K [0x0000000740000000, 0x0000000800000000)
  region size 1024K, 60 young (61440K), 1 survivors (1024K)
 Metaspace       used 93187K, capacity 95587K, committed 95880K, reserved 1132544K
  class space    used 12773K, capacity 13859K, committed 13952K, reserved 1048576K
}
Event: 141.470 GC heap after
{Heap after GC invocations=70 (full 8):
 garbage-first heap   total 173056K, used 98369K [0x0000000740000000, 0x0000000800000000)
  region size 1024K, 1 young (1024K), 1 survivors (1024K)
 Metaspace       used 93187K, capacity 95587K, committed 95880K, reserved 1132544K
  class space    used 12773K, capacity 13859K, committed 13952K, reserved 1048576K
}
Event: 143.584 GC heap before
{Heap before GC invocations=71 (full 8):
 garbage-first heap   total 173056K, used 158785K [0x0000000740000000, 0x0000000800000000)
  region size 1024K, 60 young (61440K), 1 survivors (1024K)
 Metaspace       used 93268K, capacity 95652K, committed 95880K, reserved 1132544K
  class space    used 12777K, capacity 13859K, committed 13952K, reserved 1048576K
}
Event: 143.586 GC heap after
{Heap after GC invocations=72 (full 8):
 garbage-first heap   total 173056K, used 98298K [0x0000000740000000, 0x0000000800000000)
  region size 1024K, 1 young (1024K), 1 survivors (1024K)
 Metaspace       used 93268K, capacity 95652K, committed 95880K, reserved 1132544K
  class space    used 12777K, capacity 13859K, committed 13952K, reserved 1048576K
}

