# JRE version: OpenJDK Runtime Environment (11.0.2+9) (build 11.0.2+9)
# Java VM: OpenJDK 64-Bit Server VM (11.0.2+9, mixed mode, tiered, compressed oops, g1 gc, windows-amd64)
Heap:
 garbage-first heap   total 488448K, used 161073K [0x0000000740000000, 0x0000000800000000)
  region size 1024K, 18 young (18432K), 2 survivors (2048K)
 Metaspace       used 112648K, capacity 115586K, committed 115792K, reserved 1148928K
  class space    used 15808K, capacity 17113K, committed 17152K, reserved 1048576K
GC Heap History (10 events):
Event: 1762.167 GC heap before
{Heap before GC invocations=1059 (full 634):
 garbage-first heap   total 488448K, used 204930K [0x0000000740000000, 0x0000000800000000)
  region size 1024K, 60 young (61440K), 1 survivors (1024K)
 Metaspace       used 112552K, capacity 115458K, committed 115536K, reserved 1148928K
  class space    used 15808K, capacity 17113K, committed 17152K, reserved 1048576K
}
Event: 1762.169 GC heap after
{Heap after GC invocations=1060 (full 634):
 garbage-first heap   total 488448K, used 144626K [0x0000000740000000, 0x0000000800000000)
  region size 1024K, 1 young (1024K), 1 survivors (1024K)
 Metaspace       used 112552K, capacity 115458K, committed 115536K, reserved 1148928K
  class space    used 15808K, capacity 17113K, committed 17152K, reserved 1048576K
}
Event: 1765.283 GC heap before
{Heap before GC invocations=1060 (full 634):
 garbage-first heap   total 488448K, used 205042K [0x0000000740000000, 0x0000000800000000)
  region size 1024K, 60 young (61440K), 1 survivors (1024K)
 Metaspace       used 112565K, capacity 115522K, committed 115792K, reserved 1148928K
  class space    used 15808K, capacity 17113K, committed 17152K, reserved 1048576K
}
Event: 1765.285 GC heap after
{Heap after GC invocations=1061 (full 634):
 garbage-first heap   total 488448K, used 145052K [0x0000000740000000, 0x0000000800000000)
  region size 1024K, 1 young (1024K), 1 survivors (1024K)
 Metaspace       used 112565K, capacity 115522K, committed 115792K, reserved 1148928K
  class space    used 15808K, capacity 17113K, committed 17152K, reserved 1048576K
}
Event: 1766.204 GC heap before
{Heap before GC invocations=1061 (full 634):
 garbage-first heap   total 488448K, used 205468K [0x0000000740000000, 0x0000000800000000)
  region size 1024K, 60 young (61440K), 1 survivors (1024K)
 Metaspace       used 112567K, capacity 115522K, committed 115792K, reserved 1148928K
  class space    used 15808K, capacity 17113K, committed 17152K, reserved 1048576K
}
Event: 1766.205 GC heap after
{Heap after GC invocations=1062 (full 634):
 garbage-first heap   total 488448K, used 144844K [0x0000000740000000, 0x0000000800000000)
  region size 1024K, 1 young (1024K), 1 survivors (1024K)
 Metaspace       used 112567K, capacity 115522K, committed 115792K, reserved 1148928K
  class space    used 15808K, capacity 17113K, committed 17152K, reserved 1048576K
}
Event: 1766.516 GC heap before
{Heap before GC invocations=1062 (full 634):
 garbage-first heap   total 488448K, used 205260K [0x0000000740000000, 0x0000000800000000)
  region size 1024K, 60 young (61440K), 1 survivors (1024K)
 Metaspace       used 112617K, capacity 115522K, committed 115792K, reserved 1148928K
  class space    used 15808K, capacity 17113K, committed 17152K, reserved 1048576K
}
Event: 1766.519 GC heap after
{Heap after GC invocations=1063 (full 634):
 garbage-first heap   total 488448K, used 145808K [0x0000000740000000, 0x0000000800000000)
  region size 1024K, 2 young (2048K), 2 survivors (2048K)
 Metaspace       used 112617K, capacity 115522K, committed 115792K, reserved 1148928K
  class space    used 15808K, capacity 17113K, committed 17152K, reserved 1048576K
}
Event: 1770.364 GC heap before
{Heap before GC invocations=1063 (full 634):
 garbage-first heap   total 488448K, used 205200K [0x0000000740000000, 0x0000000800000000)
  region size 1024K, 60 young (61440K), 2 survivors (2048K)
 Metaspace       used 112644K, capacity 115522K, committed 115792K, reserved 1148928K
  class space    used 15808K, capacity 17113K, committed 17152K, reserved 1048576K
}
Event: 1770.367 GC heap after
{Heap after GC invocations=1064 (full 634):
 garbage-first heap   total 488448K, used 145713K [0x0000000740000000, 0x0000000800000000)
  region size 1024K, 2 young (2048K), 2 survivors (2048K)
 Metaspace       used 112644K, capacity 115522K, committed 115792K, reserved 1148928K
  class space    used 15808K, capacity 17113K, committed 17152K, reserved 1048576K
}

