# JRE version: OpenJDK Runtime Environment (11.0.2+9) (build 11.0.2+9)
# Java VM: OpenJDK 64-Bit Server VM (11.0.2+9, mixed mode, tiered, compressed oops, g1 gc, windows-amd64)
Heap:
 garbage-first heap   total 342016K, used 121391K [0x0000000740000000, 0x0000000800000000)
  region size 1024K, 24 young (24576K), 1 survivors (1024K)
 Metaspace       used 94922K, capacity 97366K, committed 97544K, reserved 1132544K
  class space    used 12875K, capacity 13978K, committed 14080K, reserved 1048576K
GC Heap History (10 events):
Event: 447.663 GC heap before
{Heap before GC invocations=374 (full 264):
 garbage-first heap   total 284672K, used 128162K [0x0000000740000000, 0x0000000800000000)
  region size 1024K, 6 young (6144K), 1 survivors (1024K)
 Metaspace       used 94894K, capacity 97363K, committed 97544K, reserved 1132544K
  class space    used 12875K, capacity 13977K, committed 14080K, reserved 1048576K
}
Event: 447.707 GC heap after
{Heap after GC invocations=375 (full 265):
 garbage-first heap   total 284672K, used 98153K [0x0000000740000000, 0x0000000800000000)
  region size 1024K, 0 young (0K), 0 survivors (0K)
 Metaspace       used 94894K, capacity 97363K, committed 97544K, reserved 1132544K
  class space    used 12875K, capacity 13977K, committed 14080K, reserved 1048576K
}
Event: 447.733 GC heap before
{Heap before GC invocations=375 (full 265):
 garbage-first heap   total 284672K, used 112489K [0x0000000740000000, 0x0000000800000000)
  region size 1024K, 5 young (5120K), 0 survivors (0K)
 Metaspace       used 94894K, capacity 97363K, committed 97544K, reserved 1132544K
  class space    used 12875K, capacity 13977K, committed 14080K, reserved 1048576K
}
Event: 447.779 GC heap after
{Heap after GC invocations=376 (full 266):
 garbage-first heap   total 284672K, used 98153K [0x0000000740000000, 0x0000000800000000)
  region size 1024K, 0 young (0K), 0 survivors (0K)
 Metaspace       used 94894K, capacity 97363K, committed 97544K, reserved 1132544K
  class space    used 12875K, capacity 13977K, committed 14080K, reserved 1048576K
}
Event: 462.184 GC heap before
{Heap before GC invocations=376 (full 266):
 garbage-first heap   total 284672K, used 159593K [0x0000000740000000, 0x0000000800000000)
  region size 1024K, 60 young (61440K), 0 survivors (0K)
 Metaspace       used 94897K, capacity 97363K, committed 97544K, reserved 1132544K
  class space    used 12875K, capacity 13977K, committed 14080K, reserved 1048576K
}
Event: 462.186 GC heap after
{Heap after GC invocations=377 (full 266):
 garbage-first heap   total 284672K, used 98802K [0x0000000740000000, 0x0000000800000000)
  region size 1024K, 1 young (1024K), 1 survivors (1024K)
 Metaspace       used 94897K, capacity 97363K, committed 97544K, reserved 1132544K
  class space    used 12875K, capacity 13977K, committed 14080K, reserved 1048576K
}
Event: 464.505 GC heap before
{Heap before GC invocations=377 (full 266):
 garbage-first heap   total 284672K, used 159218K [0x0000000740000000, 0x0000000800000000)
  region size 1024K, 60 young (61440K), 1 survivors (1024K)
 Metaspace       used 94902K, capacity 97366K, committed 97544K, reserved 1132544K
  class space    used 12875K, capacity 13978K, committed 14080K, reserved 1048576K
}
Event: 464.507 GC heap after
{Heap after GC invocations=378 (full 266):
 garbage-first heap   total 284672K, used 98631K [0x0000000740000000, 0x0000000800000000)
  region size 1024K, 1 young (1024K), 1 survivors (1024K)
 Metaspace       used 94902K, capacity 97366K, committed 97544K, reserved 1132544K
  class space    used 12875K, capacity 13978K, committed 14080K, reserved 1048576K
}
Event: 469.072 GC heap before
{Heap before GC invocations=378 (full 266):
 garbage-first heap   total 284672K, used 159047K [0x0000000740000000, 0x0000000800000000)
  region size 1024K, 60 young (61440K), 1 survivors (1024K)
 Metaspace       used 94913K, capacity 97366K, committed 97544K, reserved 1132544K
  class space    used 12875K, capacity 13978K, committed 14080K, reserved 1048576K
}
Event: 469.074 GC heap after
{Heap after GC invocations=379 (full 266):
 garbage-first heap   total 342016K, used 98863K [0x0000000740000000, 0x0000000800000000)
  region size 1024K, 1 young (1024K), 1 survivors (1024K)
 Metaspace       used 94913K, capacity 97366K, committed 97544K, reserved 1132544K
  class space    used 12875K, capacity 13978K, committed 14080K, reserved 1048576K
}

