# JRE version: OpenJDK Runtime Environment (11.0.2+9) (build 11.0.2+9)
# Java VM: OpenJDK 64-Bit Server VM (11.0.2+9, mixed mode, tiered, compressed oops, g1 gc, windows-amd64)
Heap:
 garbage-first heap   total 334848K, used 162428K [0x0000000740000000, 0x0000000800000000)
  region size 1024K, 60 young (61440K), 1 survivors (1024K)
 Metaspace       used 96194K, capacity 98855K, committed 99080K, reserved 1134592K
  class space    used 13022K, capacity 14240K, committed 14336K, reserved 1048576K
GC Heap History (10 events):
Event: 1893.798 GC heap before
{Heap before GC invocations=252 (full 70):
 garbage-first heap   total 334848K, used 108346K [0x0000000740000000, 0x0000000800000000)
  region size 1024K, 3 young (3072K), 1 survivors (1024K)
 Metaspace       used 96153K, capacity 98855K, committed 99080K, reserved 1134592K
  class space    used 13022K, capacity 14240K, committed 14336K, reserved 1048576K
}
Event: 1893.841 GC heap after
{Heap after GC invocations=253 (full 71):
 garbage-first heap   total 334848K, used 98107K [0x0000000740000000, 0x0000000800000000)
  region size 1024K, 0 young (0K), 0 survivors (0K)
 Metaspace       used 96153K, capacity 98855K, committed 99080K, reserved 1134592K
  class space    used 13022K, capacity 14240K, committed 14336K, reserved 1048576K
}
Event: 1893.862 GC heap before
{Heap before GC invocations=253 (full 71):
 garbage-first heap   total 334848K, used 100155K [0x0000000740000000, 0x0000000800000000)
  region size 1024K, 3 young (3072K), 0 survivors (0K)
 Metaspace       used 96154K, capacity 98855K, committed 99080K, reserved 1134592K
  class space    used 13022K, capacity 14240K, committed 14336K, reserved 1048576K
}
Event: 1893.911 GC heap after
{Heap after GC invocations=254 (full 72):
 garbage-first heap   total 334848K, used 98122K [0x0000000740000000, 0x0000000800000000)
  region size 1024K, 0 young (0K), 0 survivors (0K)
 Metaspace       used 96154K, capacity 98855K, committed 99080K, reserved 1134592K
  class space    used 13022K, capacity 14240K, committed 14336K, reserved 1048576K
}
Event: 1893.929 GC heap before
{Heap before GC invocations=254 (full 72):
 garbage-first heap   total 334848K, used 104266K [0x0000000740000000, 0x0000000800000000)
  region size 1024K, 3 young (3072K), 0 survivors (0K)
 Metaspace       used 96157K, capacity 98855K, committed 99080K, reserved 1134592K
  class space    used 13022K, capacity 14240K, committed 14336K, reserved 1048576K
}
Event: 1893.930 GC heap after
{Heap after GC invocations=255 (full 72):
 garbage-first heap   total 334848K, used 102365K [0x0000000740000000, 0x0000000800000000)
  region size 1024K, 1 young (1024K), 1 survivors (1024K)
 Metaspace       used 96157K, capacity 98855K, committed 99080K, reserved 1134592K
  class space    used 13022K, capacity 14240K, committed 14336K, reserved 1048576K
}
Event: 1900.830 GC heap before
{Heap before GC invocations=255 (full 72):
 garbage-first heap   total 334848K, used 166877K [0x0000000740000000, 0x0000000800000000)
  region size 1024K, 60 young (61440K), 1 survivors (1024K)
 Metaspace       used 96171K, capacity 98855K, committed 99080K, reserved 1134592K
  class space    used 13022K, capacity 14240K, committed 14336K, reserved 1048576K
}
Event: 1900.833 GC heap after
{Heap after GC invocations=256 (full 72):
 garbage-first heap   total 334848K, used 106883K [0x0000000740000000, 0x0000000800000000)
  region size 1024K, 1 young (1024K), 1 survivors (1024K)
 Metaspace       used 96171K, capacity 98855K, committed 99080K, reserved 1134592K
  class space    used 13022K, capacity 14240K, committed 14336K, reserved 1048576K
}
Event: 1903.815 GC heap before
{Heap before GC invocations=256 (full 72):
 garbage-first heap   total 334848K, used 167299K [0x0000000740000000, 0x0000000800000000)
  region size 1024K, 60 young (61440K), 1 survivors (1024K)
 Metaspace       used 96179K, capacity 98855K, committed 99080K, reserved 1134592K
  class space    used 13022K, capacity 14240K, committed 14336K, reserved 1048576K
}
Event: 1903.817 GC heap after
{Heap after GC invocations=257 (full 72):
 garbage-first heap   total 334848K, used 103036K [0x0000000740000000, 0x0000000800000000)
  region size 1024K, 1 young (1024K), 1 survivors (1024K)
 Metaspace       used 96179K, capacity 98855K, committed 99080K, reserved 1134592K
  class space    used 13022K, capacity 14240K, committed 14336K, reserved 1048576K
}

