# JRE version: OpenJDK Runtime Environment (11.0.2+9) (build 11.0.2+9)
# Java VM: OpenJDK 64-Bit Server VM (11.0.2+9, mixed mode, tiered, compressed oops, g1 gc, windows-amd64)
Heap:
 garbage-first heap   total 362496K, used 153120K [0x0000000740000000, 0x0000000800000000)
  region size 1024K, 6 young (6144K), 1 survivors (1024K)
 Metaspace       used 117554K, capacity 119117K, committed 121552K, reserved 1153024K
  class space    used 16032K, capacity 16633K, committed 17536K, reserved 1048576K
GC Heap History (10 events):
Event: 23630.641 GC heap before
{Heap before GC invocations=1434 (full 186):
 garbage-first heap   total 362496K, used 155623K [0x0000000740000000, 0x0000000800000000)
  region size 1024K, 3 young (3072K), 1 survivors (1024K)
 Metaspace       used 117518K, capacity 119052K, committed 121296K, reserved 1153024K
  class space    used 16032K, capacity 16633K, committed 17536K, reserved 1048576K
}
Event: 23630.642 GC heap after
{Heap after GC invocations=1435 (full 186):
 garbage-first heap   total 362496K, used 154584K [0x0000000740000000, 0x0000000800000000)
  region size 1024K, 1 young (1024K), 1 survivors (1024K)
 Metaspace       used 117518K, capacity 119052K, committed 121296K, reserved 1153024K
  class space    used 16032K, capacity 16633K, committed 17536K, reserved 1048576K
}
Event: 23634.540 GC heap before
{Heap before GC invocations=1436 (full 186):
 garbage-first heap   total 362496K, used 221015K [0x0000000740000000, 0x0000000800000000)
  region size 1024K, 60 young (61440K), 1 survivors (1024K)
 Metaspace       used 117518K, capacity 119052K, committed 121296K, reserved 1153024K
  class space    used 16032K, capacity 16633K, committed 17536K, reserved 1048576K
}
Event: 23634.542 GC heap after
{Heap after GC invocations=1437 (full 186):
 garbage-first heap   total 362496K, used 161002K [0x0000000740000000, 0x0000000800000000)
  region size 1024K, 1 young (1024K), 1 survivors (1024K)
 Metaspace       used 117518K, capacity 119052K, committed 121296K, reserved 1153024K
  class space    used 16032K, capacity 16633K, committed 17536K, reserved 1048576K
}
Event: 23637.009 GC heap before
{Heap before GC invocations=1437 (full 186):
 garbage-first heap   total 362496K, used 221418K [0x0000000740000000, 0x0000000800000000)
  region size 1024K, 60 young (61440K), 1 survivors (1024K)
 Metaspace       used 117518K, capacity 119052K, committed 121296K, reserved 1153024K
  class space    used 16032K, capacity 16633K, committed 17536K, reserved 1048576K
}
Event: 23637.012 GC heap after
{Heap after GC invocations=1438 (full 186):
 garbage-first heap   total 362496K, used 155045K [0x0000000740000000, 0x0000000800000000)
  region size 1024K, 1 young (1024K), 1 survivors (1024K)
 Metaspace       used 117518K, capacity 119052K, committed 121296K, reserved 1153024K
  class space    used 16032K, capacity 16633K, committed 17536K, reserved 1048576K
}
Event: 23642.083 GC heap before
{Heap before GC invocations=1439 (full 186):
 garbage-first heap   total 362496K, used 209317K [0x0000000740000000, 0x0000000800000000)
  region size 1024K, 60 young (61440K), 1 survivors (1024K)
 Metaspace       used 117529K, capacity 119052K, committed 121296K, reserved 1153024K
  class space    used 16032K, capacity 16633K, committed 17536K, reserved 1048576K
}
Event: 23642.085 GC heap after
{Heap after GC invocations=1440 (full 186):
 garbage-first heap   total 362496K, used 148664K [0x0000000740000000, 0x0000000800000000)
  region size 1024K, 1 young (1024K), 1 survivors (1024K)
 Metaspace       used 117529K, capacity 119052K, committed 121296K, reserved 1153024K
  class space    used 16032K, capacity 16633K, committed 17536K, reserved 1048576K
}
Event: 23644.358 GC heap before
{Heap before GC invocations=1440 (full 186):
 garbage-first heap   total 362496K, used 209080K [0x0000000740000000, 0x0000000800000000)
  region size 1024K, 60 young (61440K), 1 survivors (1024K)
 Metaspace       used 117554K, capacity 119117K, committed 121552K, reserved 1153024K
  class space    used 16032K, capacity 16633K, committed 17536K, reserved 1048576K
}
Event: 23644.360 GC heap after
{Heap after GC invocations=1441 (full 186):
 garbage-first heap   total 362496K, used 149024K [0x0000000740000000, 0x0000000800000000)
  region size 1024K, 1 young (1024K), 1 survivors (1024K)
 Metaspace       used 117554K, capacity 119117K, committed 121552K, reserved 1153024K
  class space    used 16032K, capacity 16633K, committed 17536K, reserved 1048576K
}

